TN:
SF:./src/client/app/app.module.js
FNF:0
FNH:0
DA:1,1
LF:1
LH:1
BRF:0
BRH:0
end_of_record
TN:
SF:./src/client/app/domain-search/domain-search-app.module.js
FNF:0
FNH:0
DA:1,1
LF:1
LH:1
BRF:0
BRH:0
end_of_record
TN:
SF:./src/client/app/app.config.js
FN:2,(anonymous_1)
FNF:1
FNH:1
FNDA:5,(anonymous_1)
DA:1,1
DA:4,5
DA:6,5
DA:13,5
DA:20,1
LF:5
LH:5
BRF:0
BRH:0
end_of_record
TN:
SF:./src/client/app/domain-search/domain-search-controller.js
FN:2,(anonymous_1)
FN:16,(anonymous_2)
FN:22,(anonymous_3)
FN:23,(anonymous_4)
FNF:4
FNH:3
FNDA:2,(anonymous_1)
FNDA:0,(anonymous_2)
FNDA:2,(anonymous_3)
FNDA:1,(anonymous_4)
DA:1,1
DA:4,2
DA:10,2
DA:12,2
DA:14,2
DA:16,2
DA:17,0
DA:18,0
DA:19,0
DA:22,2
DA:23,2
DA:24,1
DA:28,2
LF:13
LH:10
BRDA:14,1,0,2
BRDA:14,1,1,2
BRF:2
BRH:2
end_of_record
TN:
SF:./src/client/app/domain-search/domain-search-service.js
FN:3,(anonymous_1)
FN:9,(anonymous_2)
FN:19,(anonymous_3)
FN:30,(anonymous_4)
FNF:4
FNH:4
FNDA:5,(anonymous_1)
FNDA:5,(anonymous_2)
FNDA:2,(anonymous_3)
FNDA:1,(anonymous_4)
DA:2,1
DA:5,5
DA:6,5
DA:8,5
DA:10,5
DA:11,5
DA:18,5
DA:20,2
DA:22,2
DA:24,2
DA:25,2
DA:28,2
DA:31,1
DA:33,5
LF:14
LH:14
BRDA:22,1,0,2
BRDA:22,1,1,0
BRDA:22,2,0,2
BRDA:22,2,1,0
BRF:4
BRH:2
end_of_record
